==================== bwchp40.bwp ====================

Success!
Iterations: 58288 | Depth: 17 | Maximum Frontier Size: 30988
>>>>>>>>>>
[MOVE 0]

BD
F

CEI
J

H

AG
>>>>>>>>>>
[MOVE 1]

BD
F
I
CE
J

H

AG
>>>>>>>>>>
[MOVE 2]

BD
F
I
C
J

HE

AG
>>>>>>>>>>
[MOVE 3]

BD
F
I
C
J
G
HE

A
>>>>>>>>>>
[MOVE 4]

B
F
I
C
J
GD
HE

A
>>>>>>>>>>
[MOVE 5]


F
IB
C
J
GD
HE

A
>>>>>>>>>>
[MOVE 6]


F
IBJ
C

GD
HE

A
>>>>>>>>>>
[MOVE 7]


F
IBJ
C
A
GD
HE


>>>>>>>>>>
[MOVE 8]



IBJ
C
AF
GD
HE


>>>>>>>>>>
[MOVE 9]



IBJ
C
AF
GD
H
E

>>>>>>>>>>
[MOVE 10]



IBJ
C
AFH
GD

E

>>>>>>>>>>
[MOVE 11]



IBJ
C
AFHE
GD



>>>>>>>>>>
[MOVE 12]



IB
C
AFHE
GD

J

>>>>>>>>>>
[MOVE 13]



I
C
AFHE
GD

J
B
>>>>>>>>>>
[MOVE 14]




C
AFHE
GD
I
J
B
>>>>>>>>>>
[MOVE 15]




C
AFHE
GD
IB
J

>>>>>>>>>>
[MOVE 16]




C
AFHE
GD
IBJ


>>>>>>>>>>
[MOVE 17]



C

AFHE
GD
IBJ


>>>>>>>>>>
